<?xml version="1.0" encoding="UTF-8"?>
<!-- Generated by org.testng.reporters.JUnitXMLReporter -->
<testsuite ignored="0" hostname="DESKTOP-D0HSU3C" failures="0" tests="4" name="Default test" time="35.823" errors="0" timestamp="2023-01-18T17:47:57 IST">
  <testcase classname="loginPage.LoginPage" name="TestFailedLogin" time="0.276"/>
  <testcase classname="loginPage.LoginPage" name="TestFailedLogin1" time="0.251"/>
  <testcase classname="loginPage.LoginPage" name="TestFailedLogin2" time="0.258"/>
  <testcase classname="loginPage.LoginPage" name="TestSuccessfulLogin" time="1.075"/>
</testsuite> <!-- Default test -->
